\BOOKMARK [0][-]{chapter*.1}{Voorwoord}{}% 1
\BOOKMARK [0][-]{chapter*.2}{Samenvatting}{}% 2
\BOOKMARK [0][-]{chapter*.3}{Lijst van figuren en tabellen}{}% 3
\BOOKMARK [0][-]{chapter*.6}{Lijst van afkortingen en symbolen}{}% 4
\BOOKMARK [0][-]{chapter.1}{Inleiding}{}% 5
\BOOKMARK [1][-]{section.1.1}{Doel en afbakening van dit werk}{chapter.1}% 6
\BOOKMARK [1][-]{section.1.2}{Structuur van de tekst}{chapter.1}% 7
\BOOKMARK [0][-]{chapter.2}{Geheugencel}{}% 8
\BOOKMARK [1][-]{section.2.1}{Memristor}{chapter.2}% 9
\BOOKMARK [1][-]{section.2.2}{Memristor in een geheugenstructuur}{chapter.2}% 10
\BOOKMARK [1][-]{section.2.3}{Besluit}{chapter.2}% 11
\BOOKMARK [0][-]{chapter.3}{Geheugenarchitectuur}{}% 12
\BOOKMARK [1][-]{section.3.1}{Van transistorniveau tot systeemniveau}{chapter.3}% 13
\BOOKMARK [1][-]{section.3.2}{Besluit}{chapter.3}% 14
\BOOKMARK [0][-]{chapter.4}{Lastimpedantie-analyse}{}% 15
\BOOKMARK [1][-]{section.4.1}{algemene last eigenschappen en specificaties}{chapter.4}% 16
\BOOKMARK [1][-]{section.4.2}{evalueren van de last}{chapter.4}% 17
\BOOKMARK [1][-]{section.4.3}{vergelijking van verschillende types last}{chapter.4}% 18
\BOOKMARK [0][-]{chapter.5}{Sense Amplifier analyse}{}% 19
\BOOKMARK [1][-]{section.5.1}{Types SA}{chapter.5}% 20
\BOOKMARK [1][-]{section.5.2}{Offsetspanning}{chapter.5}% 21
\BOOKMARK [1][-]{section.5.3}{Sensitiviteitsanalyse}{chapter.5}% 22
\BOOKMARK [1][-]{section.5.4}{Paretosimulatie}{chapter.5}% 23
\BOOKMARK [1][-]{section.5.5}{Besluit}{chapter.5}% 24
\BOOKMARK [0][-]{chapter.6}{Omringende logica}{}% 25
\BOOKMARK [1][-]{section.6.1}{Decoders}{chapter.6}% 26
\BOOKMARK [1][-]{section.6.2}{Buffers}{chapter.6}% 27
\BOOKMARK [1][-]{section.6.3}{BL- en WL-drivers}{chapter.6}% 28
\BOOKMARK [1][-]{section.6.4}{Passgates}{chapter.6}% 29
\BOOKMARK [1][-]{section.6.5}{Besluit}{chapter.6}% 30
\BOOKMARK [0][-]{chapter.7}{Timing en optimalizatie}{}% 31
\BOOKMARK [1][-]{section.7.1}{Timing}{chapter.7}% 32
\BOOKMARK [1][-]{section.7.2}{Analyse verschillende geheugenconfiguraties}{chapter.7}% 33
\BOOKMARK [0][-]{chapter.8}{Besluit}{}% 34
\BOOKMARK [0][-]{appendix.A}{Charge injectie met ideale spice bronnen.}{}% 35
\BOOKMARK [0][-]{section*.19}{Bibliografie}{}% 36
